Using pre-set license
Built from '2020.3/staging' branch; Version is '2020.3.6f1 (338bb68529b2) revision 3378102'; Using compiler version '192528614'; Build Type 'Release'
OS: 'Windows 10 Home; OS build 19042.1052; Version 2009; 64bit' Language: 'es' Physical Memory: 16246 MB
BatchMode: 1, IsHumanControllingUs: 0, StartBugReporterOnCrash: 0, Is64bit: 1, IsPro: 0

 COMMAND LINE ARGUMENTS:
C:\Program Files\Unity\Hub\Editor\2020.3.6f1\Editor\Unity.exe
-adb2
-batchMode
-noUpm
-name
AssetImportWorker0
-projectPath
C:/Users/bitbe/OneDrive/Documentos/Ingeniería/Programación de Videojuegos/Unity/Create with Code/Aerogami.V1
-logFile
Logs/AssetImportWorker0.log
-srvPort
49957
Successfully changed project path to: C:/Users/bitbe/OneDrive/Documentos/Ingeniería/Programación de Videojuegos/Unity/Create with Code/Aerogami.V1
C:/Users/bitbe/OneDrive/Documentos/Ingeniería/Programación de Videojuegos/Unity/Create with Code/Aerogami.V1
Using Asset Import Pipeline V2.
Refreshing native plugins compatible for Editor in 29.59 ms, found 0 plugins.
Preloading 0 native plugins for Editor in 0.00 ms.
Initialize engine version: 2020.3.6f1 (338bb68529b2)
[Subsystems] Discovering subsystems at path C:/Program Files/Unity/Hub/Editor/2020.3.6f1/Editor/Data/Resources/UnitySubsystems
[Subsystems] Discovering subsystems at path C:/Users/bitbe/OneDrive/Documentos/Ingeniería/Programación de Videojuegos/Unity/Create with Code/Aerogami.V1/Assets
GfxDevice: creating device client; threaded=0
Direct3D:
    Version:  Direct3D 11.0 [level 11.1]
    Renderer: NVIDIA GeForce GTX 1050 (ID=0x1c8d)
    Vendor:   
    VRAM:     4021 MB
    Driver:   26.21.14.4120
Initialize mono
Mono path[0] = 'C:/Program Files/Unity/Hub/Editor/2020.3.6f1/Editor/Data/Managed'
Mono path[1] = 'C:/Program Files/Unity/Hub/Editor/2020.3.6f1/Editor/Data/MonoBleedingEdge/lib/mono/unityjit'
Mono config path = 'C:/Program Files/Unity/Hub/Editor/2020.3.6f1/Editor/Data/MonoBleedingEdge/etc'
Using monoOptions --debugger-agent=transport=dt_socket,embedding=1,server=y,suspend=n,address=127.0.0.1:56480
Begin MonoManager ReloadAssembly
Registering precompiled unity dll's ...
Register platform support module: C:/Program Files/Unity/Hub/Editor/2020.3.6f1/Editor/Data/PlaybackEngines/WebGLSupport/UnityEditor.WebGL.Extensions.dll
Register platform support module: C:/Program Files/Unity/Hub/Editor/2020.3.6f1/Editor/Data/PlaybackEngines/WindowsStandaloneSupport/UnityEditor.WindowsStandalone.Extensions.dll
Registered in 0.004561 seconds.
Native extension for WindowsStandalone target not found
Native extension for WebGL target not found
Refreshing native plugins compatible for Editor in 29.83 ms, found 0 plugins.
Preloading 0 native plugins for Editor in 0.00 ms.
Mono: successfully reloaded assembly
- Completed reload, in  2.773 seconds
Platform modules already initialized, skipping
Registering precompiled user dll's ...
Registered in 0.005228 seconds.
Begin MonoManager ReloadAssembly
Native extension for WindowsStandalone target not found
Native extension for WebGL target not found
Refreshing native plugins compatible for Editor in 0.21 ms, found 0 plugins.
Preloading 0 native plugins for Editor in 0.00 ms.
Mono: successfully reloaded assembly
- Completed reload, in  1.974 seconds
Platform modules already initialized, skipping
========================================================================
Worker process is ready to serve import requests
Launched and connected shader compiler UnityShaderCompiler.exe after 0.08 seconds
Refreshing native plugins compatible for Editor in 0.24 ms, found 0 plugins.
Preloading 0 native plugins for Editor in 0.00 ms.
Unloading 1116 Unused Serialized files (Serialized files now loaded: 0)
System memory in use before: 70.1 MB.
System memory in use after: 70.1 MB.

Unloading 10 unused Assets to reduce memory usage. Loaded Objects now: 1575.
Total: 2.696700 ms (FindLiveObjects: 0.172600 ms CreateObjectMapping: 0.039900 ms MarkObjects: 2.343900 ms  DeleteObjects: 0.138400 ms)

========================================================================
Received Import Request.
  path: Assets/Scripts/PlanePilot.cs
  artifactKey: Guid(fe872eaff9047c54e8cf7887572988cb) Importer(815301076,1909f56bfc062723c751e8b465ee728b)
Start importing Assets/Scripts/PlanePilot.cs using Guid(fe872eaff9047c54e8cf7887572988cb) Importer(815301076,1909f56bfc062723c751e8b465ee728b)  -> (artifact id: 'f62292cbd3691e7a37e4a0d59af389ee') in 0.038366 seconds
  Import took 0.040366 seconds .

========================================================================
Received Prepare
Refreshing native plugins compatible for Editor in 1.13 ms, found 0 plugins.
Preloading 0 native plugins for Editor in 0.00 ms.
Unloading 3 Unused Serialized files (Serialized files now loaded: 0)
System memory in use before: 47.4 MB.
System memory in use after: 47.4 MB.

Unloading 3 unused Assets to reduce memory usage. Loaded Objects now: 1575.
Total: 3.110800 ms (FindLiveObjects: 0.163700 ms CreateObjectMapping: 0.046400 ms MarkObjects: 2.781000 ms  DeleteObjects: 0.117900 ms)

========================================================================
Received Import Request.
  Time since last request: 137.145059 seconds.
  path: Assets/Scripts/PlanePilot.cs
  artifactKey: Guid(fe872eaff9047c54e8cf7887572988cb) Importer(815301076,1909f56bfc062723c751e8b465ee728b)
Start importing Assets/Scripts/PlanePilot.cs using Guid(fe872eaff9047c54e8cf7887572988cb) Importer(815301076,1909f56bfc062723c751e8b465ee728b)  -> (artifact id: 'f5da95d5663cc060a647f633a224f8f6') in 0.005151 seconds
  Import took 0.008171 seconds .

========================================================================
Received Prepare
Registering precompiled user dll's ...
Registered in 0.001167 seconds.
Begin MonoManager ReloadAssembly
Native extension for WindowsStandalone target not found
Native extension for WebGL target not found
Refreshing native plugins compatible for Editor in 0.22 ms, found 0 plugins.
Preloading 0 native plugins for Editor in 0.00 ms.
Mono: successfully reloaded assembly
- Completed reload, in  1.244 seconds
Platform modules already initialized, skipping
Refreshing native plugins compatible for Editor in 0.22 ms, found 0 plugins.
Preloading 0 native plugins for Editor in 0.00 ms.
Unloading 1111 Unused Serialized files (Serialized files now loaded: 0)
System memory in use before: 69.9 MB.
System memory in use after: 70.0 MB.

Unloading 5 unused Assets to reduce memory usage. Loaded Objects now: 1578.
Total: 2.228100 ms (FindLiveObjects: 0.429500 ms CreateObjectMapping: 0.069000 ms MarkObjects: 1.661900 ms  DeleteObjects: 0.066500 ms)

========================================================================
Received Prepare
Registering precompiled user dll's ...
Registered in 0.001116 seconds.
Begin MonoManager ReloadAssembly
Native extension for WindowsStandalone target not found
Native extension for WebGL target not found
Refreshing native plugins compatible for Editor in 0.33 ms, found 0 plugins.
Preloading 0 native plugins for Editor in 0.00 ms.
Mono: successfully reloaded assembly
- Completed reload, in  0.919 seconds
Platform modules already initialized, skipping
Refreshing native plugins compatible for Editor in 0.24 ms, found 0 plugins.
Preloading 0 native plugins for Editor in 0.00 ms.
Unloading 1111 Unused Serialized files (Serialized files now loaded: 0)
System memory in use before: 70.0 MB.
System memory in use after: 70.0 MB.

Unloading 5 unused Assets to reduce memory usage. Loaded Objects now: 1581.
Total: 1.889100 ms (FindLiveObjects: 0.136400 ms CreateObjectMapping: 0.037500 ms MarkObjects: 1.628400 ms  DeleteObjects: 0.085400 ms)

========================================================================
Received Prepare
Registering precompiled user dll's ...
Registered in 0.002011 seconds.
Begin MonoManager ReloadAssembly
Native extension for WindowsStandalone target not found
Native extension for WebGL target not found
Refreshing native plugins compatible for Editor in 0.25 ms, found 0 plugins.
Preloading 0 native plugins for Editor in 0.00 ms.
Mono: successfully reloaded assembly
- Completed reload, in  0.988 seconds
Platform modules already initialized, skipping
Refreshing native plugins compatible for Editor in 0.21 ms, found 0 plugins.
Preloading 0 native plugins for Editor in 0.00 ms.
Unloading 1111 Unused Serialized files (Serialized files now loaded: 0)
System memory in use before: 70.0 MB.
System memory in use after: 70.0 MB.

Unloading 5 unused Assets to reduce memory usage. Loaded Objects now: 1584.
Total: 1.895900 ms (FindLiveObjects: 0.145200 ms CreateObjectMapping: 0.040800 ms MarkObjects: 1.624800 ms  DeleteObjects: 0.083100 ms)

========================================================================
Received Import Request.
  Time since last request: 406.021315 seconds.
  path: Assets/Scripts/PlanePilot.cs
  artifactKey: Guid(fe872eaff9047c54e8cf7887572988cb) Importer(815301076,1909f56bfc062723c751e8b465ee728b)
Start importing Assets/Scripts/PlanePilot.cs using Guid(fe872eaff9047c54e8cf7887572988cb) Importer(815301076,1909f56bfc062723c751e8b465ee728b)  -> (artifact id: 'abc7a3e51662c8fbdb1dae804a66bf2b') in 0.007606 seconds
  Import took 0.009906 seconds .

========================================================================
Received Import Request.
  Time since last request: 1.909177 seconds.
  path: Assets/Scripts/PlanePilot.cs
  artifactKey: Guid(fe872eaff9047c54e8cf7887572988cb) Importer(815301076,1909f56bfc062723c751e8b465ee728b)
Start importing Assets/Scripts/PlanePilot.cs using Guid(fe872eaff9047c54e8cf7887572988cb) Importer(815301076,1909f56bfc062723c751e8b465ee728b)  -> (artifact id: 'abc7a3e51662c8fbdb1dae804a66bf2b') in 0.005409 seconds
  Import took 0.007449 seconds .

========================================================================
Received Prepare
Registering precompiled user dll's ...
Registered in 0.001039 seconds.
Begin MonoManager ReloadAssembly
Native extension for WindowsStandalone target not found
Native extension for WebGL target not found
Refreshing native plugins compatible for Editor in 0.23 ms, found 0 plugins.
Preloading 0 native plugins for Editor in 0.00 ms.
Mono: successfully reloaded assembly
- Completed reload, in  0.955 seconds
Platform modules already initialized, skipping
Refreshing native plugins compatible for Editor in 0.21 ms, found 0 plugins.
Preloading 0 native plugins for Editor in 0.00 ms.
Unloading 1111 Unused Serialized files (Serialized files now loaded: 0)
System memory in use before: 70.0 MB.
System memory in use after: 70.1 MB.

Unloading 5 unused Assets to reduce memory usage. Loaded Objects now: 1587.
Total: 2.013200 ms (FindLiveObjects: 0.284200 ms CreateObjectMapping: 0.072800 ms MarkObjects: 1.575800 ms  DeleteObjects: 0.078800 ms)

========================================================================
Received Import Request.
  Time since last request: 13.826971 seconds.
  path: Assets/Scripts/PlanePilot.cs
  artifactKey: Guid(fe872eaff9047c54e8cf7887572988cb) Importer(815301076,1909f56bfc062723c751e8b465ee728b)
Start importing Assets/Scripts/PlanePilot.cs using Guid(fe872eaff9047c54e8cf7887572988cb) Importer(815301076,1909f56bfc062723c751e8b465ee728b)  -> (artifact id: 'c5f121397cee2c6969adf0a0eee1cd5b') in 0.007293 seconds
  Import took 0.009278 seconds .

========================================================================
Received Import Request.
  Time since last request: 1.321059 seconds.
  path: Assets/Scripts/PlanePilot.cs
  artifactKey: Guid(fe872eaff9047c54e8cf7887572988cb) Importer(815301076,1909f56bfc062723c751e8b465ee728b)
Start importing Assets/Scripts/PlanePilot.cs using Guid(fe872eaff9047c54e8cf7887572988cb) Importer(815301076,1909f56bfc062723c751e8b465ee728b)  -> (artifact id: 'c5f121397cee2c6969adf0a0eee1cd5b') in 0.005238 seconds
  Import took 0.007226 seconds .

========================================================================
Received Prepare
Registering precompiled user dll's ...
Registered in 0.001099 seconds.
Begin MonoManager ReloadAssembly
Native extension for WindowsStandalone target not found
Native extension for WebGL target not found
Refreshing native plugins compatible for Editor in 0.21 ms, found 0 plugins.
Preloading 0 native plugins for Editor in 0.00 ms.
Mono: successfully reloaded assembly
- Completed reload, in  0.882 seconds
Platform modules already initialized, skipping
Refreshing native plugins compatible for Editor in 0.21 ms, found 0 plugins.
Preloading 0 native plugins for Editor in 0.00 ms.
Unloading 1111 Unused Serialized files (Serialized files now loaded: 0)
System memory in use before: 70.0 MB.
System memory in use after: 70.1 MB.

Unloading 5 unused Assets to reduce memory usage. Loaded Objects now: 1590.
Total: 1.958600 ms (FindLiveObjects: 0.149100 ms CreateObjectMapping: 0.048400 ms MarkObjects: 1.637100 ms  DeleteObjects: 0.122700 ms)

========================================================================
Received Import Request.
  Time since last request: 30.220820 seconds.
  path: Assets/Scripts/PlanePilot.cs
  artifactKey: Guid(fe872eaff9047c54e8cf7887572988cb) Importer(815301076,1909f56bfc062723c751e8b465ee728b)
Start importing Assets/Scripts/PlanePilot.cs using Guid(fe872eaff9047c54e8cf7887572988cb) Importer(815301076,1909f56bfc062723c751e8b465ee728b)  -> (artifact id: '7ceeb2f993b893a6c5be5097814fa869') in 0.008277 seconds
  Import took 0.010553 seconds .

========================================================================
Received Import Request.
  Time since last request: 30.701507 seconds.
  path: Assets/Scripts/PlanePilot.cs
  artifactKey: Guid(fe872eaff9047c54e8cf7887572988cb) Importer(815301076,1909f56bfc062723c751e8b465ee728b)
Start importing Assets/Scripts/PlanePilot.cs using Guid(fe872eaff9047c54e8cf7887572988cb) Importer(815301076,1909f56bfc062723c751e8b465ee728b)  -> (artifact id: '45ce64019cce7012894b64bbd48c73f5') in 0.022197 seconds
  Import took 0.032485 seconds .

========================================================================
Received Import Request.
  Time since last request: 0.000268 seconds.
  path: Assets/Scripts/PlanePilot.cs
  artifactKey: Guid(fe872eaff9047c54e8cf7887572988cb) Importer(815301076,1909f56bfc062723c751e8b465ee728b)
Start importing Assets/Scripts/PlanePilot.cs using Guid(fe872eaff9047c54e8cf7887572988cb) Importer(815301076,1909f56bfc062723c751e8b465ee728b)  -> (artifact id: '45ce64019cce7012894b64bbd48c73f5') in 0.019534 seconds
  Import took 0.042666 seconds .

========================================================================
Received Import Request.
  Time since last request: 6.282923 seconds.
  path: Assets/Scripts/PlanePilot.cs
  artifactKey: Guid(fe872eaff9047c54e8cf7887572988cb) Importer(815301076,1909f56bfc062723c751e8b465ee728b)
Start importing Assets/Scripts/PlanePilot.cs using Guid(fe872eaff9047c54e8cf7887572988cb) Importer(815301076,1909f56bfc062723c751e8b465ee728b)  -> (artifact id: '41341d1164659480be1b6bd45d240498') in 0.008844 seconds
  Import took 0.012031 seconds .

========================================================================
Received Import Request.
  Time since last request: 0.002101 seconds.
  path: Assets/Scripts/PlanePilot.cs
  artifactKey: Guid(fe872eaff9047c54e8cf7887572988cb) Importer(815301076,1909f56bfc062723c751e8b465ee728b)
Start importing Assets/Scripts/PlanePilot.cs using Guid(fe872eaff9047c54e8cf7887572988cb) Importer(815301076,1909f56bfc062723c751e8b465ee728b)  -> (artifact id: '41341d1164659480be1b6bd45d240498') in 0.008069 seconds
  Import took 0.012068 seconds .

========================================================================
Received Prepare
Registering precompiled user dll's ...
Registered in 0.003420 seconds.
Begin MonoManager ReloadAssembly
Native extension for WindowsStandalone target not found
Native extension for WebGL target not found
Refreshing native plugins compatible for Editor in 0.27 ms, found 0 plugins.
Preloading 0 native plugins for Editor in 0.00 ms.
Mono: successfully reloaded assembly
- Completed reload, in  0.961 seconds
Platform modules already initialized, skipping
Refreshing native plugins compatible for Editor in 0.20 ms, found 0 plugins.
Preloading 0 native plugins for Editor in 0.00 ms.
Unloading 1111 Unused Serialized files (Serialized files now loaded: 0)
System memory in use before: 70.0 MB.
System memory in use after: 70.1 MB.

Unloading 5 unused Assets to reduce memory usage. Loaded Objects now: 1593.
Total: 2.578200 ms (FindLiveObjects: 0.166700 ms CreateObjectMapping: 0.044900 ms MarkObjects: 2.221000 ms  DeleteObjects: 0.133700 ms)

========================================================================
Received Prepare
Registering precompiled user dll's ...
Registered in 0.001095 seconds.
Begin MonoManager ReloadAssembly
Native extension for WindowsStandalone target not found
Native extension for WebGL target not found
Refreshing native plugins compatible for Editor in 0.22 ms, found 0 plugins.
Preloading 0 native plugins for Editor in 0.00 ms.
Mono: successfully reloaded assembly
- Completed reload, in  0.983 seconds
Platform modules already initialized, skipping
Refreshing native plugins compatible for Editor in 0.35 ms, found 0 plugins.
Preloading 0 native plugins for Editor in 0.00 ms.
Unloading 1111 Unused Serialized files (Serialized files now loaded: 0)
System memory in use before: 70.0 MB.
System memory in use after: 70.1 MB.

Unloading 5 unused Assets to reduce memory usage. Loaded Objects now: 1596.
Total: 1.979100 ms (FindLiveObjects: 0.151500 ms CreateObjectMapping: 0.048300 ms MarkObjects: 1.664000 ms  DeleteObjects: 0.113300 ms)

========================================================================
Received Prepare
Registering precompiled user dll's ...
Registered in 0.001040 seconds.
Begin MonoManager ReloadAssembly
Native extension for WindowsStandalone target not found
Native extension for WebGL target not found
Refreshing native plugins compatible for Editor in 0.25 ms, found 0 plugins.
Preloading 0 native plugins for Editor in 0.00 ms.
Mono: successfully reloaded assembly
- Completed reload, in  0.999 seconds
Platform modules already initialized, skipping
Refreshing native plugins compatible for Editor in 0.23 ms, found 0 plugins.
Preloading 0 native plugins for Editor in 0.00 ms.
Unloading 1111 Unused Serialized files (Serialized files now loaded: 0)
System memory in use before: 70.1 MB.
System memory in use after: 70.1 MB.

Unloading 5 unused Assets to reduce memory usage. Loaded Objects now: 1599.
Total: 3.297800 ms (FindLiveObjects: 0.159200 ms CreateObjectMapping: 0.035200 ms MarkObjects: 3.026000 ms  DeleteObjects: 0.075500 ms)

========================================================================
Received Prepare
Registering precompiled user dll's ...
Registered in 0.001015 seconds.
Begin MonoManager ReloadAssembly
Native extension for WindowsStandalone target not found
Native extension for WebGL target not found
Refreshing native plugins compatible for Editor in 3.33 ms, found 0 plugins.
Preloading 0 native plugins for Editor in 0.00 ms.
Mono: successfully reloaded assembly
- Completed reload, in  1.073 seconds
Platform modules already initialized, skipping
Refreshing native plugins compatible for Editor in 0.21 ms, found 0 plugins.
Preloading 0 native plugins for Editor in 0.00 ms.
Unloading 1111 Unused Serialized files (Serialized files now loaded: 0)
System memory in use before: 70.1 MB.
System memory in use after: 70.1 MB.

Unloading 5 unused Assets to reduce memory usage. Loaded Objects now: 1602.
Total: 2.047000 ms (FindLiveObjects: 0.231800 ms CreateObjectMapping: 0.051800 ms MarkObjects: 1.661000 ms  DeleteObjects: 0.100500 ms)

========================================================================
Received Import Request.
  Time since last request: 8114.574024 seconds.
  path: Assets/Scripts/PlanePilot.cs
  artifactKey: Guid(fe872eaff9047c54e8cf7887572988cb) Importer(815301076,1909f56bfc062723c751e8b465ee728b)
Start importing Assets/Scripts/PlanePilot.cs using Guid(fe872eaff9047c54e8cf7887572988cb) Importer(815301076,1909f56bfc062723c751e8b465ee728b)  -> (artifact id: 'c594b5fdebe709d37024be06dde18302') in 0.009621 seconds
  Import took 0.012390 seconds .

========================================================================
Received Import Request.
  Time since last request: 0.032836 seconds.
  path: Assets/Scripts/PlanePilot.cs
  artifactKey: Guid(fe872eaff9047c54e8cf7887572988cb) Importer(815301076,1909f56bfc062723c751e8b465ee728b)
Start importing Assets/Scripts/PlanePilot.cs using Guid(fe872eaff9047c54e8cf7887572988cb) Importer(815301076,1909f56bfc062723c751e8b465ee728b)  -> (artifact id: 'c594b5fdebe709d37024be06dde18302') in 0.005738 seconds
  Import took 0.008271 seconds .

========================================================================
Received Import Request.
  Time since last request: 89.918561 seconds.
  path: Assets/Scripts/PlanePilot.cs
  artifactKey: Guid(fe872eaff9047c54e8cf7887572988cb) Importer(815301076,1909f56bfc062723c751e8b465ee728b)
Start importing Assets/Scripts/PlanePilot.cs using Guid(fe872eaff9047c54e8cf7887572988cb) Importer(815301076,1909f56bfc062723c751e8b465ee728b)  -> (artifact id: '4f17bc6df97d8b72d23f8dd6da0043fa') in 0.010480 seconds
  Import took 0.025844 seconds .

========================================================================
Received Import Request.
  Time since last request: 258.239452 seconds.
  path: Assets/Scripts/PlanePilot.cs
  artifactKey: Guid(fe872eaff9047c54e8cf7887572988cb) Importer(815301076,1909f56bfc062723c751e8b465ee728b)
Start importing Assets/Scripts/PlanePilot.cs using Guid(fe872eaff9047c54e8cf7887572988cb) Importer(815301076,1909f56bfc062723c751e8b465ee728b)  -> (artifact id: 'd406eaade5eaf53c2c83aebda23684ca') in 0.007304 seconds
  Import took 0.011900 seconds .

========================================================================
Received Import Request.
  Time since last request: 257.843511 seconds.
  path: Assets/Scripts/PlanePilot.cs
  artifactKey: Guid(fe872eaff9047c54e8cf7887572988cb) Importer(815301076,1909f56bfc062723c751e8b465ee728b)
Start importing Assets/Scripts/PlanePilot.cs using Guid(fe872eaff9047c54e8cf7887572988cb) Importer(815301076,1909f56bfc062723c751e8b465ee728b)  -> (artifact id: 'e29089b0ee7eb15dc0d935c6597a9c7a') in 0.034909 seconds
  Import took 0.042207 seconds .

========================================================================
Received Import Request.
  Time since last request: 0.005670 seconds.
  path: Assets/Scripts/PlanePilot.cs
  artifactKey: Guid(fe872eaff9047c54e8cf7887572988cb) Importer(815301076,1909f56bfc062723c751e8b465ee728b)
Start importing Assets/Scripts/PlanePilot.cs using Guid(fe872eaff9047c54e8cf7887572988cb) Importer(815301076,1909f56bfc062723c751e8b465ee728b)  -> (artifact id: 'e29089b0ee7eb15dc0d935c6597a9c7a') in 0.012037 seconds
  Import took 0.019107 seconds .

========================================================================
Received Import Request.
  Time since last request: 52.216134 seconds.
  path: Assets/Scripts/PlanePilot.cs
  artifactKey: Guid(fe872eaff9047c54e8cf7887572988cb) Importer(815301076,1909f56bfc062723c751e8b465ee728b)
Start importing Assets/Scripts/PlanePilot.cs using Guid(fe872eaff9047c54e8cf7887572988cb) Importer(815301076,1909f56bfc062723c751e8b465ee728b)  -> (artifact id: 'b98a58ba6558667f1d425c276160cadc') in 0.008892 seconds
  Import took 0.012541 seconds .

========================================================================
Received Import Request.
  Time since last request: 21.108202 seconds.
  path: Assets/Scripts/PlanePilot.cs
  artifactKey: Guid(fe872eaff9047c54e8cf7887572988cb) Importer(815301076,1909f56bfc062723c751e8b465ee728b)
Start importing Assets/Scripts/PlanePilot.cs using Guid(fe872eaff9047c54e8cf7887572988cb) Importer(815301076,1909f56bfc062723c751e8b465ee728b)  -> (artifact id: '8eaa4d37c0d963e2e8e792c2be392a5f') in 0.009228 seconds
  Import took 0.011605 seconds .

========================================================================
Received Import Request.
  Time since last request: 0.002030 seconds.
  path: Assets/Scripts/PlanePilot.cs
  artifactKey: Guid(fe872eaff9047c54e8cf7887572988cb) Importer(815301076,1909f56bfc062723c751e8b465ee728b)
Start importing Assets/Scripts/PlanePilot.cs using Guid(fe872eaff9047c54e8cf7887572988cb) Importer(815301076,1909f56bfc062723c751e8b465ee728b)  -> (artifact id: '8eaa4d37c0d963e2e8e792c2be392a5f') in 0.008333 seconds
  Import took 0.011234 seconds .

========================================================================
Received Prepare
Registering precompiled user dll's ...
Registered in 0.001127 seconds.
Begin MonoManager ReloadAssembly
Native extension for WindowsStandalone target not found
Native extension for WebGL target not found
Refreshing native plugins compatible for Editor in 0.21 ms, found 0 plugins.
Preloading 0 native plugins for Editor in 0.00 ms.
Mono: successfully reloaded assembly
- Completed reload, in  1.036 seconds
Platform modules already initialized, skipping
Refreshing native plugins compatible for Editor in 0.22 ms, found 0 plugins.
Preloading 0 native plugins for Editor in 0.00 ms.
Unloading 1111 Unused Serialized files (Serialized files now loaded: 0)
System memory in use before: 70.1 MB.
System memory in use after: 70.1 MB.

Unloading 5 unused Assets to reduce memory usage. Loaded Objects now: 1605.
Total: 1.976600 ms (FindLiveObjects: 0.156200 ms CreateObjectMapping: 0.066400 ms MarkObjects: 1.669700 ms  DeleteObjects: 0.082500 ms)

========================================================================
Received Import Request.
  Time since last request: 17.912039 seconds.
  path: Assets/Scripts/PlanePilot.cs
  artifactKey: Guid(fe872eaff9047c54e8cf7887572988cb) Importer(815301076,1909f56bfc062723c751e8b465ee728b)
Start importing Assets/Scripts/PlanePilot.cs using Guid(fe872eaff9047c54e8cf7887572988cb) Importer(815301076,1909f56bfc062723c751e8b465ee728b)  -> (artifact id: 'bed7c5f90cbdcb18d1108710f7a32345') in 0.007917 seconds
  Import took 0.010133 seconds .

========================================================================
Received Import Request.
  Time since last request: 1.942353 seconds.
  path: Assets/Scripts/PlanePilot.cs
  artifactKey: Guid(fe872eaff9047c54e8cf7887572988cb) Importer(815301076,1909f56bfc062723c751e8b465ee728b)
Start importing Assets/Scripts/PlanePilot.cs using Guid(fe872eaff9047c54e8cf7887572988cb) Importer(815301076,1909f56bfc062723c751e8b465ee728b)  -> (artifact id: 'bed7c5f90cbdcb18d1108710f7a32345') in 0.005392 seconds
  Import took 0.007509 seconds .

========================================================================
Received Prepare
Registering precompiled user dll's ...
Registered in 0.001166 seconds.
Begin MonoManager ReloadAssembly
Native extension for WindowsStandalone target not found
Native extension for WebGL target not found
Refreshing native plugins compatible for Editor in 0.21 ms, found 0 plugins.
Preloading 0 native plugins for Editor in 0.00 ms.
Mono: successfully reloaded assembly
- Completed reload, in  0.905 seconds
Platform modules already initialized, skipping
Refreshing native plugins compatible for Editor in 0.21 ms, found 0 plugins.
Preloading 0 native plugins for Editor in 0.00 ms.
Unloading 1111 Unused Serialized files (Serialized files now loaded: 0)
System memory in use before: 70.1 MB.
System memory in use after: 70.2 MB.

Unloading 5 unused Assets to reduce memory usage. Loaded Objects now: 1608.
Total: 2.197200 ms (FindLiveObjects: 0.224000 ms CreateObjectMapping: 0.050700 ms MarkObjects: 1.812100 ms  DeleteObjects: 0.109000 ms)

========================================================================
Received Prepare
Registering precompiled user dll's ...
Registered in 0.001014 seconds.
Begin MonoManager ReloadAssembly
Native extension for WindowsStandalone target not found
Native extension for WebGL target not found
Refreshing native plugins compatible for Editor in 0.21 ms, found 0 plugins.
Preloading 0 native plugins for Editor in 0.00 ms.
Mono: successfully reloaded assembly
- Completed reload, in  1.039 seconds
Platform modules already initialized, skipping
Refreshing native plugins compatible for Editor in 0.30 ms, found 0 plugins.
Preloading 0 native plugins for Editor in 0.00 ms.
Unloading 1111 Unused Serialized files (Serialized files now loaded: 0)
System memory in use before: 70.1 MB.
System memory in use after: 70.2 MB.

Unloading 5 unused Assets to reduce memory usage. Loaded Objects now: 1611.
Total: 2.305900 ms (FindLiveObjects: 0.184500 ms CreateObjectMapping: 0.039700 ms MarkObjects: 2.003700 ms  DeleteObjects: 0.076500 ms)

========================================================================
Received Prepare
Registering precompiled user dll's ...
Registered in 0.001059 seconds.
Begin MonoManager ReloadAssembly
Native extension for WindowsStandalone target not found
Native extension for WebGL target not found
Refreshing native plugins compatible for Editor in 0.23 ms, found 0 plugins.
Preloading 0 native plugins for Editor in 0.00 ms.
Mono: successfully reloaded assembly
- Completed reload, in  1.021 seconds
Platform modules already initialized, skipping
Refreshing native plugins compatible for Editor in 0.20 ms, found 0 plugins.
Preloading 0 native plugins for Editor in 0.00 ms.
Unloading 1111 Unused Serialized files (Serialized files now loaded: 0)
System memory in use before: 70.1 MB.
System memory in use after: 70.2 MB.

Unloading 5 unused Assets to reduce memory usage. Loaded Objects now: 1614.
Total: 2.255300 ms (FindLiveObjects: 0.158100 ms CreateObjectMapping: 0.048500 ms MarkObjects: 1.930400 ms  DeleteObjects: 0.116600 ms)

========================================================================
Received Prepare
Registering precompiled user dll's ...
Registered in 0.001027 seconds.
Begin MonoManager ReloadAssembly
Native extension for WindowsStandalone target not found
Native extension for WebGL target not found
Refreshing native plugins compatible for Editor in 0.21 ms, found 0 plugins.
Preloading 0 native plugins for Editor in 0.00 ms.
Mono: successfully reloaded assembly
- Completed reload, in  1.123 seconds
Platform modules already initialized, skipping
Refreshing native plugins compatible for Editor in 0.26 ms, found 0 plugins.
Preloading 0 native plugins for Editor in 0.00 ms.
Unloading 1111 Unused Serialized files (Serialized files now loaded: 0)
System memory in use before: 70.1 MB.
System memory in use after: 70.2 MB.

Unloading 5 unused Assets to reduce memory usage. Loaded Objects now: 1617.
Total: 3.361200 ms (FindLiveObjects: 0.185200 ms CreateObjectMapping: 0.046500 ms MarkObjects: 3.040700 ms  DeleteObjects: 0.087400 ms)

========================================================================
Received Prepare
Registering precompiled user dll's ...
Registered in 0.001693 seconds.
Begin MonoManager ReloadAssembly
Native extension for WindowsStandalone target not found
Native extension for WebGL target not found
Refreshing native plugins compatible for Editor in 0.22 ms, found 0 plugins.
Preloading 0 native plugins for Editor in 0.00 ms.
Mono: successfully reloaded assembly
- Completed reload, in  0.969 seconds
Platform modules already initialized, skipping
Refreshing native plugins compatible for Editor in 0.24 ms, found 0 plugins.
Preloading 0 native plugins for Editor in 0.00 ms.
Unloading 1111 Unused Serialized files (Serialized files now loaded: 0)
System memory in use before: 70.1 MB.
System memory in use after: 70.2 MB.

Unloading 5 unused Assets to reduce memory usage. Loaded Objects now: 1620.
Total: 2.210800 ms (FindLiveObjects: 0.281400 ms CreateObjectMapping: 0.076700 ms MarkObjects: 1.722100 ms  DeleteObjects: 0.129000 ms)

========================================================================
Received Prepare
Registering precompiled user dll's ...
Registered in 0.001162 seconds.
Begin MonoManager ReloadAssembly
Native extension for WindowsStandalone target not found
Native extension for WebGL target not found
Refreshing native plugins compatible for Editor in 0.28 ms, found 0 plugins.
Preloading 0 native plugins for Editor in 0.00 ms.
Mono: successfully reloaded assembly
- Completed reload, in  0.928 seconds
Platform modules already initialized, skipping
Refreshing native plugins compatible for Editor in 0.22 ms, found 0 plugins.
Preloading 0 native plugins for Editor in 0.00 ms.
Unloading 1111 Unused Serialized files (Serialized files now loaded: 0)
System memory in use before: 70.1 MB.
System memory in use after: 70.2 MB.

Unloading 5 unused Assets to reduce memory usage. Loaded Objects now: 1623.
Total: 2.300500 ms (FindLiveObjects: 0.305600 ms CreateObjectMapping: 0.047200 ms MarkObjects: 1.823000 ms  DeleteObjects: 0.123100 ms)

========================================================================
Received Prepare
Registering precompiled user dll's ...
Registered in 0.002027 seconds.
Begin MonoManager ReloadAssembly
Native extension for WindowsStandalone target not found
Native extension for WebGL target not found
Refreshing native plugins compatible for Editor in 0.28 ms, found 0 plugins.
Preloading 0 native plugins for Editor in 0.00 ms.
Mono: successfully reloaded assembly
- Completed reload, in  0.934 seconds
Platform modules already initialized, skipping
Refreshing native plugins compatible for Editor in 0.21 ms, found 0 plugins.
Preloading 0 native plugins for Editor in 0.00 ms.
Unloading 1111 Unused Serialized files (Serialized files now loaded: 0)
System memory in use before: 70.1 MB.
System memory in use after: 70.2 MB.

Unloading 5 unused Assets to reduce memory usage. Loaded Objects now: 1626.
Total: 2.942900 ms (FindLiveObjects: 0.186200 ms CreateObjectMapping: 0.051900 ms MarkObjects: 2.618600 ms  DeleteObjects: 0.084100 ms)

========================================================================
Received Prepare
Registering precompiled user dll's ...
Registered in 0.001372 seconds.
Begin MonoManager ReloadAssembly
Native extension for WindowsStandalone target not found
Native extension for WebGL target not found
Refreshing native plugins compatible for Editor in 0.23 ms, found 0 plugins.
Preloading 0 native plugins for Editor in 0.00 ms.
Mono: successfully reloaded assembly
- Completed reload, in  0.895 seconds
Platform modules already initialized, skipping
Refreshing native plugins compatible for Editor in 0.21 ms, found 0 plugins.
Preloading 0 native plugins for Editor in 0.00 ms.
Unloading 1111 Unused Serialized files (Serialized files now loaded: 0)
System memory in use before: 70.1 MB.
System memory in use after: 70.2 MB.

Unloading 5 unused Assets to reduce memory usage. Loaded Objects now: 1629.
Total: 2.116600 ms (FindLiveObjects: 0.159600 ms CreateObjectMapping: 0.045000 ms MarkObjects: 1.801600 ms  DeleteObjects: 0.108900 ms)

========================================================================
Received Prepare
Registering precompiled user dll's ...
Registered in 0.001094 seconds.
Begin MonoManager ReloadAssembly
Native extension for WindowsStandalone target not found
Native extension for WebGL target not found
Refreshing native plugins compatible for Editor in 0.22 ms, found 0 plugins.
Preloading 0 native plugins for Editor in 0.00 ms.
Mono: successfully reloaded assembly
- Completed reload, in  0.986 seconds
Platform modules already initialized, skipping
Refreshing native plugins compatible for Editor in 0.23 ms, found 0 plugins.
Preloading 0 native plugins for Editor in 0.00 ms.
Unloading 1111 Unused Serialized files (Serialized files now loaded: 0)
System memory in use before: 70.1 MB.
System memory in use after: 70.2 MB.

Unloading 5 unused Assets to reduce memory usage. Loaded Objects now: 1632.
Total: 2.928600 ms (FindLiveObjects: 0.624200 ms CreateObjectMapping: 0.106200 ms MarkObjects: 2.068100 ms  DeleteObjects: 0.122600 ms)

========================================================================
Received Prepare
Registering precompiled user dll's ...
Registered in 0.001047 seconds.
Begin MonoManager ReloadAssembly
Native extension for WindowsStandalone target not found
Native extension for WebGL target not found
Refreshing native plugins compatible for Editor in 0.22 ms, found 0 plugins.
Preloading 0 native plugins for Editor in 0.00 ms.
Mono: successfully reloaded assembly
- Completed reload, in  0.961 seconds
Platform modules already initialized, skipping
Refreshing native plugins compatible for Editor in 0.31 ms, found 0 plugins.
Preloading 0 native plugins for Editor in 0.00 ms.
Unloading 1111 Unused Serialized files (Serialized files now loaded: 0)
System memory in use before: 70.1 MB.
System memory in use after: 70.2 MB.

Unloading 5 unused Assets to reduce memory usage. Loaded Objects now: 1635.
Total: 2.015800 ms (FindLiveObjects: 0.190900 ms CreateObjectMapping: 0.049900 ms MarkObjects: 1.694100 ms  DeleteObjects: 0.079700 ms)

========================================================================
Received Prepare
Registering precompiled user dll's ...
Registered in 0.001548 seconds.
Begin MonoManager ReloadAssembly
Native extension for WindowsStandalone target not found
Native extension for WebGL target not found
Refreshing native plugins compatible for Editor in 0.22 ms, found 0 plugins.
Preloading 0 native plugins for Editor in 0.00 ms.
Mono: successfully reloaded assembly
- Completed reload, in  0.927 seconds
Platform modules already initialized, skipping
Refreshing native plugins compatible for Editor in 0.21 ms, found 0 plugins.
Preloading 0 native plugins for Editor in 0.00 ms.
Unloading 1111 Unused Serialized files (Serialized files now loaded: 0)
System memory in use before: 70.1 MB.
System memory in use after: 70.2 MB.

Unloading 5 unused Assets to reduce memory usage. Loaded Objects now: 1638.
Total: 2.283500 ms (FindLiveObjects: 0.184200 ms CreateObjectMapping: 0.052500 ms MarkObjects: 1.968700 ms  DeleteObjects: 0.076100 ms)

========================================================================
Received Import Request.
  Time since last request: 8639.501190 seconds.
  path: Assets/Scripts/PlanePilot.cs
  artifactKey: Guid(fe872eaff9047c54e8cf7887572988cb) Importer(815301076,1909f56bfc062723c751e8b465ee728b)
Start importing Assets/Scripts/PlanePilot.cs using Guid(fe872eaff9047c54e8cf7887572988cb) Importer(815301076,1909f56bfc062723c751e8b465ee728b)  -> (artifact id: 'dd9f0bcc74dc764fc87b7990a1a72b90') in 0.011207 seconds
  Import took 0.014310 seconds .

========================================================================
Received Import Request.
  Time since last request: 0.001463 seconds.
  path: Assets/Scripts/PlanePilot.cs
  artifactKey: Guid(fe872eaff9047c54e8cf7887572988cb) Importer(815301076,1909f56bfc062723c751e8b465ee728b)
Start importing Assets/Scripts/PlanePilot.cs using Guid(fe872eaff9047c54e8cf7887572988cb) Importer(815301076,1909f56bfc062723c751e8b465ee728b)  -> (artifact id: 'dd9f0bcc74dc764fc87b7990a1a72b90') in 0.007574 seconds
  Import took 0.010370 seconds .

========================================================================
Received Prepare
Registering precompiled user dll's ...
Registered in 0.001147 seconds.
Begin MonoManager ReloadAssembly
Native extension for WindowsStandalone target not found
Native extension for WebGL target not found
Refreshing native plugins compatible for Editor in 0.23 ms, found 0 plugins.
Preloading 0 native plugins for Editor in 0.00 ms.
Mono: successfully reloaded assembly
- Completed reload, in  1.094 seconds
Platform modules already initialized, skipping
Refreshing native plugins compatible for Editor in 0.21 ms, found 0 plugins.
Preloading 0 native plugins for Editor in 0.00 ms.
Unloading 1111 Unused Serialized files (Serialized files now loaded: 0)
System memory in use before: 70.1 MB.
System memory in use after: 70.2 MB.

Unloading 5 unused Assets to reduce memory usage. Loaded Objects now: 1641.
Total: 1.907600 ms (FindLiveObjects: 0.137700 ms CreateObjectMapping: 0.036300 ms MarkObjects: 1.613100 ms  DeleteObjects: 0.119500 ms)

========================================================================
Received Prepare
Registering precompiled user dll's ...
Registered in 0.001168 seconds.
Begin MonoManager ReloadAssembly
Native extension for WindowsStandalone target not found
Native extension for WebGL target not found
Refreshing native plugins compatible for Editor in 0.24 ms, found 0 plugins.
Preloading 0 native plugins for Editor in 0.00 ms.
Mono: successfully reloaded assembly
- Completed reload, in  1.206 seconds
Platform modules already initialized, skipping
Refreshing native plugins compatible for Editor in 0.22 ms, found 0 plugins.
Preloading 0 native plugins for Editor in 0.00 ms.
Unloading 1111 Unused Serialized files (Serialized files now loaded: 0)
System memory in use before: 70.1 MB.
System memory in use after: 70.2 MB.

Unloading 5 unused Assets to reduce memory usage. Loaded Objects now: 1644.
Total: 3.638000 ms (FindLiveObjects: 0.422500 ms CreateObjectMapping: 0.099000 ms MarkObjects: 3.024100 ms  DeleteObjects: 0.088600 ms)

AssetImportWorkerClient::OnTransportError - code=2 error=End of file
